2024-12-16 22:21:24 [INFO] 程序开始运行
2024-12-16 22:21:24 [ERROR] 这是一条测试错误信息
2024-12-16 22:21:25 [INFO] Get pageTotal: 10
2024-12-16 22:21:25 [INFO] current: 1
2024-12-16 22:21:27 [INFO] current: 2
2024-12-16 22:21:27 [INFO] current: 3
2024-12-16 22:21:29 [INFO] current: 4
2024-12-16 22:21:30 [INFO] current: 5
2024-12-16 22:21:31 [INFO] current: 6
2024-12-16 22:21:32 [INFO] current: 7
2024-12-16 22:21:33 [INFO] current: 8
2024-12-16 22:21:34 [INFO] current: 9
2024-12-16 22:21:35 [INFO] current: 10
2024-12-16 22:21:36 [INFO] Get 342 matches
2024-12-16 22:21:36 [ERROR] 正则匹配 match 或 config 失败: ['https://animation.byanimxyz.com/animation/index.html?matchId=50850287&configId=']
2024-12-16 22:21:36 [ERROR] 正则匹配 match 或 config 失败: ['https://animation.byanimxyz.com/animation/index.html?matchId=50850305&configId=']
2024-12-16 22:21:36 [ERROR] 正则匹配 match 或 config 失败: ['https://animation.byanimxyz.com/animation/index.html?matchId=50850289&configId=']
2024-12-16 22:21:36 [ERROR] 正则匹配 match 或 config 失败: ['https://animation.byanimxyz.com/animation/index.html?matchId=50850297&configId=']
2024-12-16 22:21:36 [ERROR] 正则匹配 match 或 config 失败: ['https://animation.byanimxyz.com/animation/index.html?matchId=50850291&configId=']
2024-12-16 22:21:36 [ERROR] 正则匹配 match 或 config 失败: ['https://animation.byanimxyz.com/animation/index.html?matchId=50850293&configId=']
2024-12-16 22:21:36 [ERROR] 正则匹配 match 或 config 失败: ['https://animation.byanimxyz.com/animation/index.html?matchId=50850295&configId=']
2024-12-16 22:21:36 [ERROR] 正则匹配 match 或 config 失败: ['https://animation.byanimxyz.com/animation/index.html?matchId=50850299&configId=']
2024-12-16 22:21:36 [ERROR] 正则匹配 match 或 config 失败: ['https://animation.byanimxyz.com/animation/index.html?matchId=50850301&configId=']
2024-12-16 22:21:36 [ERROR] 正则匹配 match 或 config 失败: ['https://animation.byanimxyz.com/animation/index.html?matchId=50850303&configId=']
2024-12-16 22:21:36 [ERROR] 正则匹配 match 或 config 失败: ['https://animation.byanimxyz.com/animation/index.html?matchId=51269267&configId=']
2024-12-16 22:21:36 [ERROR] 正则匹配 match 或 config 失败: ['https://animation.byanimxyz.com/animation/index.html?matchId=51269265&configId=']
2024-12-16 22:21:36 [ERROR] 正则匹配 match 或 config 失败: ['https://animation.byanimxyz.com/animation/index.html?matchId=51269269&configId=']
2024-12-16 22:21:36 [ERROR] 正则匹配 match 或 config 失败: ['https://animation.byanimxyz.com/animation/index.html?matchId=51269273&configId=']
2024-12-16 22:21:36 [ERROR] 正则匹配 match 或 config 失败: ['https://animation.byanimxyz.com/animation/index.html?matchId=51269271&configId=']
2024-12-16 22:21:36 [ERROR] 正则匹配 match 或 config 失败: ['https://animation.byanimxyz.com/animation/index.html?matchId=51269279&configId=']
2024-12-16 22:21:36 [ERROR] 正则匹配 match 或 config 失败: ['https://animation.byanimxyz.com/animation/index.html?matchId=51269263&configId=']
2024-12-16 22:21:36 [ERROR] 正则匹配 match 或 config 失败: ['https://animation.byanimxyz.com/animation/index.html?matchId=51269277&configId=']
2024-12-16 22:21:36 [ERROR] 正则匹配 match 或 config 失败: ['https://animation.byanimxyz.com/animation/index.html?matchId=51269275&configId=']
2024-12-16 22:21:36 [ERROR] 正则匹配 match 或 config 失败: ['https://animation.byanimxyz.com/animation/index.html?matchId=51269283&configId=']
2024-12-16 22:21:36 [ERROR] 正则匹配 match 或 config 失败: ['https://animation.byanimxyz.com/animation/index.html?matchId=51269287&configId=']
2024-12-16 22:21:36 [ERROR] 正则匹配 match 或 config 失败: ['https://animation.byanimxyz.com/animation/index.html?matchId=51269293&configId=']
2024-12-16 22:21:36 [ERROR] 正则匹配 match 或 config 失败: ['https://animation.byanimxyz.com/animation/index.html?matchId=51269297&configId=']
2024-12-16 22:21:36 [ERROR] 正则匹配 match 或 config 失败: ['https://animation.byanimxyz.com/animation/index.html?matchId=51269295&configId=']
2024-12-16 22:21:36 [ERROR] 正则匹配 match 或 config 失败: ['https://animation.byanimxyz.com/animation/index.html?matchId=51269281&configId=']
2024-12-16 22:21:36 [ERROR] 正则匹配 match 或 config 失败: ['https://animation.byanimxyz.com/animation/index.html?matchId=51269291&configId=']
2024-12-16 22:21:40 [ERROR] 正则匹配 match 或 config 失败: ['https://animation.byanimxyz.com/animation/index.html?matchId=50852427&configId=']
2024-12-16 22:21:40 [ERROR] 正则匹配 match 或 config 失败: ['https://animation.byanimxyz.com/animation/index.html?matchId=50852425&configId=']
2024-12-16 22:21:40 [ERROR] 正则匹配 match 或 config 失败: ['https://animation.byanimxyz.com/animation/index.html?matchId=50852423&configId=']
2024-12-16 22:21:40 [ERROR] 正则匹配 match 或 config 失败: ['https://animation.byanimxyz.com/animation/index.html?matchId=50852433&configId=']
2024-12-16 22:21:40 [ERROR] 正则匹配 match 或 config 失败: ['https://animation.byanimxyz.com/animation/index.html?matchId=50852435&configId=']
2024-12-16 22:21:40 [ERROR] 正则匹配 match 或 config 失败: ['https://animation.byanimxyz.com/animation/index.html?matchId=50852437&configId=']
2024-12-16 22:21:40 [ERROR] 正则匹配 match 或 config 失败: ['https://animation.byanimxyz.com/animation/index.html?matchId=50852429&configId=']
2024-12-16 22:21:40 [ERROR] 正则匹配 match 或 config 失败: ['https://animation.byanimxyz.com/animation/index.html?matchId=50852439&configId=']
2024-12-16 22:21:40 [ERROR] 正则匹配 match 或 config 失败: ['https://animation.byanimxyz.com/animation/index.html?matchId=50852431&configId=']
2024-12-16 22:21:40 [ERROR] 正则匹配 match 或 config 失败: ['https://animation.byanimxyz.com/animation/index.html?matchId=50852421&configId=']
2024-12-16 22:21:40 [ERROR] 正则匹配 match 或 config 失败: ['https://animation.byanimxyz.com/animation/index.html?matchId=56187691&configId=']
2024-12-16 22:21:40 [ERROR] 正则匹配 match 或 config 失败: ['https://animation.byanimxyz.com/animation/index.html?matchId=50852457&configId=']
2024-12-16 22:21:40 [ERROR] 正则匹配 match 或 config 失败: ['https://animation.byanimxyz.com/animation/index.html?matchId=50852449&configId=']
2024-12-16 22:21:40 [ERROR] 正则匹配 match 或 config 失败: ['https://animation.byanimxyz.com/animation/index.html?matchId=50852455&configId=']
2024-12-16 22:21:40 [ERROR] 正则匹配 match 或 config 失败: ['https://animation.byanimxyz.com/animation/index.html?matchId=50852451&configId=']
2024-12-16 22:21:40 [ERROR] 正则匹配 match 或 config 失败: ['https://animation.byanimxyz.com/animation/index.html?matchId=50852447&configId=']
2024-12-16 22:21:40 [ERROR] 正则匹配 match 或 config 失败: ['https://animation.byanimxyz.com/animation/index.html?matchId=50852459&configId=']
2024-12-16 22:21:40 [ERROR] 正则匹配 match 或 config 失败: ['https://animation.byanimxyz.com/animation/index.html?matchId=50852443&configId=']
2024-12-16 22:21:40 [ERROR] 正则匹配 match 或 config 失败: ['https://animation.byanimxyz.com/animation/index.html?matchId=50852445&configId=']
2024-12-16 22:21:40 [ERROR] 正则匹配 match 或 config 失败: ['https://animation.byanimxyz.com/animation/index.html?matchId=51271751&configId=']
2024-12-16 22:21:40 [ERROR] 正则匹配 match 或 config 失败: ['https://animation.byanimxyz.com/animation/index.html?matchId=51271761&configId=']
2024-12-16 22:21:40 [ERROR] 正则匹配 match 或 config 失败: ['https://animation.byanimxyz.com/animation/index.html?matchId=51271749&configId=']
2024-12-16 22:21:40 [ERROR] 正则匹配 match 或 config 失败: ['https://animation.byanimxyz.com/animation/index.html?matchId=51271755&configId=']
2024-12-16 22:21:40 [ERROR] 正则匹配 match 或 config 失败: ['https://animation.byanimxyz.com/animation/index.html?matchId=51271759&configId=']
2024-12-16 22:21:40 [ERROR] 正则匹配 match 或 config 失败: ['https://animation.byanimxyz.com/animation/index.html?matchId=51271763&configId=']
2024-12-16 22:21:40 [ERROR] 正则匹配 match 或 config 失败: ['https://animation.byanimxyz.com/animation/index.html?matchId=51271745&configId=']
2024-12-16 22:21:40 [ERROR] 正则匹配 match 或 config 失败: ['https://animation.byanimxyz.com/animation/index.html?matchId=51271757&configId=']
2024-12-16 22:21:40 [ERROR] 正则匹配 match 或 config 失败: ['https://animation.byanimxyz.com/animation/index.html?matchId=51271747&configId=']
2024-12-16 22:21:40 [ERROR] 正则匹配 match 或 config 失败: ['https://animation.byanimxyz.com/animation/index.html?matchId=51271753&configId=']
2024-12-16 22:21:40 [ERROR] 正则匹配 match 或 config 失败: ['https://animation.byanimxyz.com/animation/index.html?matchId=51271771&configId=']
2024-12-16 22:21:40 [ERROR] 正则匹配 match 或 config 失败: ['https://animation.byanimxyz.com/animation/index.html?matchId=51271781&configId=']
2024-12-16 22:21:40 [ERROR] 正则匹配 match 或 config 失败: ['https://animation.byanimxyz.com/animation/index.html?matchId=51271767&configId=']
2024-12-16 22:21:40 [ERROR] 正则匹配 match 或 config 失败: ['https://animation.byanimxyz.com/animation/index.html?matchId=51271775&configId=']
2024-12-16 22:21:40 [ERROR] 正则匹配 match 或 config 失败: ['https://animation.byanimxyz.com/animation/index.html?matchId=51271783&configId=']
2024-12-16 22:21:40 [ERROR] 正则匹配 match 或 config 失败: ['https://animation.byanimxyz.com/animation/index.html?matchId=51271779&configId=']
2024-12-16 22:21:40 [ERROR] 正则匹配 match 或 config 失败: ['https://animation.byanimxyz.com/animation/index.html?matchId=51271773&configId=']
2024-12-16 22:21:40 [ERROR] 正则匹配 match 或 config 失败: ['https://animation.byanimxyz.com/animation/index.html?matchId=51271777&configId=']
2024-12-16 22:21:40 [ERROR] 正则匹配 match 或 config 失败: ['https://animation.byanimxyz.com/animation/index.html?matchId=51271769&configId=']
2024-12-16 22:21:40 [ERROR] 正则匹配 match 或 config 失败: ['https://animation.byanimxyz.com/animation/index.html?matchId=51271765&configId=']
2024-12-16 22:21:40 [ERROR] 正则匹配 match 或 config 失败: ['https://animation.byanimxyz.com/animation/index.html?matchId=50955611&configId=']
2024-12-16 22:21:40 [ERROR] 正则匹配 match 或 config 失败: ['https://animation.byanimxyz.com/animation/index.html?matchId=50955627&configId=']
2024-12-16 22:21:40 [ERROR] 正则匹配 match 或 config 失败: ['https://animation.byanimxyz.com/animation/index.html?matchId=50955617&configId=']
2024-12-16 22:21:40 [ERROR] 正则匹配 match 或 config 失败: ['https://animation.byanimxyz.com/animation/index.html?matchId=50955621&configId=']
2024-12-16 22:21:40 [ERROR] 正则匹配 match 或 config 失败: ['https://animation.byanimxyz.com/animation/index.html?matchId=50955613&configId=']
2024-12-16 22:21:40 [ERROR] 正则匹配 match 或 config 失败: ['https://animation.byanimxyz.com/animation/index.html?matchId=50955619&configId=']
2024-12-16 22:21:40 [ERROR] 正则匹配 match 或 config 失败: ['https://animation.byanimxyz.com/animation/index.html?matchId=50955625&configId=']
2024-12-16 22:21:40 [ERROR] 正则匹配 match 或 config 失败: ['https://animation.byanimxyz.com/animation/index.html?matchId=50955615&configId=']
2024-12-16 22:21:40 [ERROR] 正则匹配 match 或 config 失败: ['https://animation.byanimxyz.com/animation/index.html?matchId=50955623&configId=']
2024-12-16 22:21:40 [ERROR] 正则匹配 match 或 config 失败: ['https://animation.byanimxyz.com/animation/index.html?matchId=50955635&configId=']
2024-12-16 22:21:40 [ERROR] 正则匹配 match 或 config 失败: ['https://animation.byanimxyz.com/animation/index.html?matchId=50955631&configId=']
2024-12-16 22:21:40 [ERROR] 正则匹配 match 或 config 失败: ['https://animation.byanimxyz.com/animation/index.html?matchId=50955641&configId=']
2024-12-16 22:21:40 [ERROR] 正则匹配 match 或 config 失败: ['https://animation.byanimxyz.com/animation/index.html?matchId=50955643&configId=']
2024-12-16 22:21:40 [ERROR] 正则匹配 match 或 config 失败: ['https://animation.byanimxyz.com/animation/index.html?matchId=50955645&configId=']
2024-12-16 22:21:40 [ERROR] 正则匹配 match 或 config 失败: ['https://animation.byanimxyz.com/animation/index.html?matchId=50955629&configId=']
2024-12-16 22:21:40 [ERROR] 正则匹配 match 或 config 失败: ['https://animation.byanimxyz.com/animation/index.html?matchId=50955633&configId=']
2024-12-16 22:21:40 [ERROR] 正则匹配 match 或 config 失败: ['https://animation.byanimxyz.com/animation/index.html?matchId=50955637&configId=']
2024-12-16 22:21:40 [ERROR] 正则匹配 match 或 config 失败: ['https://animation.byanimxyz.com/animation/index.html?matchId=50955639&configId=']
2024-12-16 22:21:40 [ERROR] 正则匹配 match 或 config 失败: ['https://animation.byanimxyz.com/animation/index.html?matchId=53161025&configId=']
2024-12-16 22:21:40 [ERROR] 正则匹配 match 或 config 失败: ['https://animation.byanimxyz.com/animation/index.html?matchId=53161029&configId=']
2024-12-16 22:21:40 [ERROR] 正则匹配 match 或 config 失败: ['https://animation.byanimxyz.com/animation/index.html?matchId=53161035&configId=']
2024-12-16 22:21:40 [ERROR] 正则匹配 match 或 config 失败: ['https://animation.byanimxyz.com/animation/index.html?matchId=53161017&configId=']
2024-12-16 22:21:40 [ERROR] 正则匹配 match 或 config 失败: ['https://animation.byanimxyz.com/animation/index.html?matchId=53161033&configId=']
2024-12-16 22:21:40 [ERROR] 正则匹配 match 或 config 失败: ['https://animation.byanimxyz.com/animation/index.html?matchId=53161043&configId=']
2024-12-16 22:21:40 [ERROR] 正则匹配 match 或 config 失败: ['https://animation.byanimxyz.com/animation/index.html?matchId=53161019&configId=']
2024-12-16 22:21:40 [ERROR] 正则匹配 match 或 config 失败: ['https://animation.byanimxyz.com/animation/index.html?matchId=53161023&configId=']
2024-12-16 22:21:40 [ERROR] 正则匹配 match 或 config 失败: ['https://animation.byanimxyz.com/animation/index.html?matchId=53161041&configId=']
2024-12-16 22:21:40 [ERROR] 正则匹配 match 或 config 失败: ['https://animation.byanimxyz.com/animation/index.html?matchId=53161039&configId=']
2024-12-16 22:21:40 [ERROR] 正则匹配 match 或 config 失败: ['https://animation.byanimxyz.com/animation/index.html?matchId=53161015&configId=']
2024-12-16 22:21:43 [ERROR] 正则匹配 match 或 config 失败: ['https://animation.byanimxyz.com/animation/index.html?matchId=53161031&configId=']
2024-12-16 22:21:43 [ERROR] 正则匹配 match 或 config 失败: ['https://animation.byanimxyz.com/animation/index.html?matchId=53161047&configId=']
2024-12-16 22:21:43 [ERROR] 正则匹配 match 或 config 失败: ['https://animation.byanimxyz.com/animation/index.html?matchId=53161045&configId=']
2024-12-16 22:21:43 [ERROR] 正则匹配 match 或 config 失败: ['https://animation.byanimxyz.com/animation/index.html?matchId=53161037&configId=']
2024-12-16 22:21:43 [ERROR] 正则匹配 match 或 config 失败: ['https://animation.byanimxyz.com/animation/index.html?matchId=53161013&configId=']
2024-12-16 22:21:43 [ERROR] 正则匹配 match 或 config 失败: ['https://animation.byanimxyz.com/animation/index.html?matchId=53161021&configId=']
2024-12-16 22:21:43 [ERROR] 正则匹配 match 或 config 失败: ['https://animation.byanimxyz.com/animation/index.html?matchId=55125613&configId=']
2024-12-16 22:21:43 [ERROR] 正则匹配 match 或 config 失败: ['https://animation.byanimxyz.com/animation/index.html?matchId=55125685&configId=']
2024-12-16 22:21:43 [ERROR] 正则匹配 match 或 config 失败: ['https://animation.byanimxyz.com/animation/index.html?matchId=55125687&configId=']
2024-12-16 22:21:43 [ERROR] 正则匹配 match 或 config 失败: ['https://animation.byanimxyz.com/animation/index.html?matchId=55125689&configId=']
2024-12-16 22:21:49 [ERROR] 正则匹配 match 或 config 失败: ['https://animation.byanimxyz.com/animation/index.html?matchId=54019501&configId=']
2024-12-16 22:21:49 [ERROR] 正则匹配 match 或 config 失败: ['https://animation.byanimxyz.com/animation/index.html?matchId=52130533&configId=']
2024-12-16 22:21:49 [ERROR] 正则匹配 match 或 config 失败: ['https://animation.byanimxyz.com/animation/index.html?matchId=52130535&configId=']
2024-12-16 22:21:49 [ERROR] 正则匹配 match 或 config 失败: ['https://animation.byanimxyz.com/animation/index.html?matchId=52130537&configId=']
2024-12-16 22:21:49 [ERROR] 正则匹配 match 或 config 失败: ['https://animation.byanimxyz.com/animation/index.html?matchId=52130539&configId=']
2024-12-16 22:21:49 [ERROR] 正则匹配 match 或 config 失败: ['https://animation.byanimxyz.com/animation/index.html?matchId=52130541&configId=']
2024-12-16 22:21:49 [ERROR] 正则匹配 match 或 config 失败: ['https://animation.byanimxyz.com/animation/index.html?matchId=52130543&configId=']
2024-12-16 22:21:49 [ERROR] 正则匹配 match 或 config 失败: ['https://animation.byanimxyz.com/animation/index.html?matchId=52130545&configId=']
2024-12-16 22:21:49 [ERROR] 正则匹配 match 或 config 失败: ['https://animation.byanimxyz.com/animation/index.html?matchId=52130547&configId=']
2024-12-16 22:21:49 [ERROR] 正则匹配 match 或 config 失败: ['https://animation.byanimxyz.com/animation/index.html?matchId=52130549&configId=']
2024-12-16 22:21:49 [ERROR] 正则匹配 match 或 config 失败: ['https://animation.byanimxyz.com/animation/index.html?matchId=52130551&configId=']
2024-12-16 22:21:49 [ERROR] 正则匹配 match 或 config 失败: ['https://animation.byanimxyz.com/animation/index.html?matchId=52130553&configId=']
2024-12-16 22:21:49 [ERROR] 正则匹配 match 或 config 失败: ['https://animation.byanimxyz.com/animation/index.html?matchId=52130555&configId=']
2024-12-16 22:21:49 [ERROR] 正则匹配 match 或 config 失败: ['https://animation.byanimxyz.com/animation/index.html?matchId=51095791&configId=']
2024-12-16 22:21:49 [ERROR] 正则匹配 match 或 config 失败: ['https://animation.byanimxyz.com/animation/index.html?matchId=51095805&configId=']
2024-12-16 22:21:49 [ERROR] 正则匹配 match 或 config 失败: ['https://animation.byanimxyz.com/animation/index.html?matchId=51095813&configId=']
2024-12-16 22:21:49 [ERROR] 正则匹配 match 或 config 失败: ['https://animation.byanimxyz.com/animation/index.html?matchId=51095783&configId=']
2024-12-16 22:21:49 [ERROR] 正则匹配 match 或 config 失败: ['https://animation.byanimxyz.com/animation/index.html?matchId=51095775&configId=']
2024-12-16 22:21:49 [ERROR] 正则匹配 match 或 config 失败: ['https://animation.byanimxyz.com/animation/index.html?matchId=51095809&configId=']
2024-12-16 22:21:49 [ERROR] 正则匹配 match 或 config 失败: ['https://animation.byanimxyz.com/animation/index.html?matchId=51095799&configId=']
2024-12-16 22:21:49 [ERROR] 正则匹配 match 或 config 失败: ['https://animation.byanimxyz.com/animation/index.html?matchId=51095817&configId=']
2024-12-16 22:21:49 [ERROR] 正则匹配 match 或 config 失败: ['https://animation.byanimxyz.com/animation/index.html?matchId=51095787&configId=']
2024-12-16 22:21:49 [ERROR] 正则匹配 match 或 config 失败: ['https://animation.byanimxyz.com/animation/index.html?matchId=51095795&configId=']
2024-12-16 22:21:49 [ERROR] 正则匹配 match 或 config 失败: ['https://animation.byanimxyz.com/animation/index.html?matchId=51095779&configId=']
2024-12-16 22:21:49 [ERROR] 正则匹配 match 或 config 失败: ['https://animation.byanimxyz.com/animation/index.html?matchId=51095821&configId=']
2024-12-16 22:21:49 [ERROR] 正则匹配 match 或 config 失败: ['https://animation.byanimxyz.com/animation/index.html?matchId=51269967&configId=']
2024-12-16 22:21:49 [ERROR] 正则匹配 match 或 config 失败: ['https://animation.byanimxyz.com/animation/index.html?matchId=51269975&configId=']
2024-12-16 22:21:49 [ERROR] 正则匹配 match 或 config 失败: ['https://animation.byanimxyz.com/animation/index.html?matchId=51269973&configId=']
2024-12-16 22:21:49 [ERROR] 正则匹配 match 或 config 失败: ['https://animation.byanimxyz.com/animation/index.html?matchId=51269969&configId=']
2024-12-16 22:21:49 [ERROR] 正则匹配 match 或 config 失败: ['https://animation.byanimxyz.com/animation/index.html?matchId=51269981&configId=']
2024-12-16 22:21:49 [ERROR] 正则匹配 match 或 config 失败: ['https://animation.byanimxyz.com/animation/index.html?matchId=51269977&configId=']
2024-12-16 22:21:49 [ERROR] 正则匹配 match 或 config 失败: ['https://animation.byanimxyz.com/animation/index.html?matchId=51269971&configId=']
2024-12-16 22:21:49 [ERROR] 正则匹配 match 或 config 失败: ['https://animation.byanimxyz.com/animation/index.html?matchId=51269979&configId=']
2024-12-16 22:21:49 [ERROR] 正则匹配 match 或 config 失败: ['https://animation.byanimxyz.com/animation/index.html?matchId=51269983&configId=']
2024-12-16 22:21:49 [ERROR] 正则匹配 match 或 config 失败: ['https://animation.byanimxyz.com/animation/index.html?matchId=54429523&configId=']
2024-12-16 22:21:49 [ERROR] 正则匹配 match 或 config 失败: ['https://animation.byanimxyz.com/animation/index.html?matchId=54429525&configId=']
2024-12-16 22:21:49 [ERROR] 正则匹配 match 或 config 失败: ['https://animation.byanimxyz.com/animation/index.html?matchId=56103411&configId=']
2024-12-16 22:21:49 [ERROR] 正则匹配 match 或 config 失败: ['https://animation.byanimxyz.com/animation/index.html?matchId=56103379&configId=']
2024-12-16 22:21:54 [ERROR] 正则匹配 match 或 config 失败: ['https://animation.byanimxyz.com/animation/index.html?matchId=51103335&configId=']
2024-12-16 22:21:54 [ERROR] 正则匹配 match 或 config 失败: ['https://animation.byanimxyz.com/animation/index.html?matchId=51103353&configId=']
2024-12-16 22:21:54 [ERROR] 正则匹配 match 或 config 失败: ['https://animation.byanimxyz.com/animation/index.html?matchId=51103343&configId=']
2024-12-16 22:21:54 [ERROR] 正则匹配 match 或 config 失败: ['https://animation.byanimxyz.com/animation/index.html?matchId=51103341&configId=']
2024-12-16 22:21:54 [ERROR] 正则匹配 match 或 config 失败: ['https://animation.byanimxyz.com/animation/index.html?matchId=51103351&configId=']
2024-12-16 22:21:54 [ERROR] 正则匹配 match 或 config 失败: ['https://animation.byanimxyz.com/animation/index.html?matchId=51103337&configId=']
2024-12-16 22:21:54 [ERROR] 正则匹配 match 或 config 失败: ['https://animation.byanimxyz.com/animation/index.html?matchId=51103345&configId=']
2024-12-16 22:21:54 [ERROR] 正则匹配 match 或 config 失败: ['https://animation.byanimxyz.com/animation/index.html?matchId=51103349&configId=']
2024-12-16 22:21:54 [ERROR] 正则匹配 match 或 config 失败: ['https://animation.byanimxyz.com/animation/index.html?matchId=51103339&configId=']
2024-12-16 22:21:54 [ERROR] 正则匹配 match 或 config 失败: ['https://animation.byanimxyz.com/animation/index.html?matchId=51467941&configId=']
2024-12-16 22:21:54 [ERROR] 正则匹配 match 或 config 失败: ['https://animation.byanimxyz.com/animation/index.html?matchId=51467943&configId=']
2024-12-16 22:21:54 [ERROR] 正则匹配 match 或 config 失败: ['https://animation.byanimxyz.com/animation/index.html?matchId=51467927&configId=']
2024-12-16 22:21:54 [ERROR] 正则匹配 match 或 config 失败: ['https://animation.byanimxyz.com/animation/index.html?matchId=51467937&configId=']
2024-12-16 22:21:54 [ERROR] 正则匹配 match 或 config 失败: ['https://animation.byanimxyz.com/animation/index.html?matchId=51467925&configId=']
2024-12-16 22:21:54 [ERROR] 正则匹配 match 或 config 失败: ['https://animation.byanimxyz.com/animation/index.html?matchId=51467939&configId=']
2024-12-16 22:21:54 [ERROR] 正则匹配 match 或 config 失败: ['https://animation.byanimxyz.com/animation/index.html?matchId=51467931&configId=']
2024-12-16 22:21:54 [ERROR] 正则匹配 match 或 config 失败: ['https://animation.byanimxyz.com/animation/index.html?matchId=51467929&configId=']
2024-12-16 22:21:54 [ERROR] 正则匹配 match 或 config 失败: ['https://animation.byanimxyz.com/animation/index.html?matchId=51467935&configId=']
2024-12-16 22:21:54 [ERROR] 正则匹配 match 或 config 失败: ['https://animation.byanimxyz.com/animation/index.html?matchId=51467933&configId=']
2024-12-16 22:22:06 [ERROR] 正则匹配 match 或 config 失败: ['https://animation.byanimxyz.com/animation/index.html?matchId=50868271&configId=']
2024-12-16 22:22:06 [ERROR] 正则匹配 match 或 config 失败: ['https://animation.byanimxyz.com/animation/index.html?matchId=50868267&configId=']
2024-12-16 22:22:06 [ERROR] 正则匹配 match 或 config 失败: ['https://animation.byanimxyz.com/animation/index.html?matchId=50868261&configId=']
2024-12-16 22:22:06 [ERROR] 正则匹配 match 或 config 失败: ['https://animation.byanimxyz.com/animation/index.html?matchId=50868273&configId=']
2024-12-16 22:22:06 [ERROR] 正则匹配 match 或 config 失败: ['https://animation.byanimxyz.com/animation/index.html?matchId=51388971&configId=']
2024-12-16 22:22:06 [ERROR] 正则匹配 match 或 config 失败: ['https://animation.byanimxyz.com/animation/index.html?matchId=51388973&configId=']
2024-12-16 22:22:06 [ERROR] 正则匹配 match 或 config 失败: ['https://animation.byanimxyz.com/animation/index.html?matchId=51388963&configId=']
2024-12-16 22:22:06 [ERROR] 正则匹配 match 或 config 失败: ['https://animation.byanimxyz.com/animation/index.html?matchId=51388959&configId=']
2024-12-16 22:22:06 [ERROR] 正则匹配 match 或 config 失败: ['https://animation.byanimxyz.com/animation/index.html?matchId=51115785&configId=']
2024-12-16 22:22:06 [ERROR] 正则匹配 match 或 config 失败: ['https://animation.byanimxyz.com/animation/index.html?matchId=51115781&configId=']
2024-12-16 22:22:06 [ERROR] 正则匹配 match 或 config 失败: ['https://animation.byanimxyz.com/animation/index.html?matchId=51093547&configId=']
2024-12-16 22:22:06 [ERROR] 正则匹配 match 或 config 失败: ['https://animation.byanimxyz.com/animation/index.html?matchId=51093561&configId=']
2024-12-16 22:22:06 [ERROR] 正则匹配 match 或 config 失败: ['https://animation.byanimxyz.com/animation/index.html?matchId=51093557&configId=']
2024-12-16 22:22:06 [ERROR] 正则匹配 match 或 config 失败: ['https://animation.byanimxyz.com/animation/index.html?matchId=51093543&configId=']
2024-12-16 22:22:06 [ERROR] 正则匹配 match 或 config 失败: ['https://animation.byanimxyz.com/animation/index.html?matchId=51093551&configId=']
2024-12-16 22:22:06 [ERROR] 正则匹配 match 或 config 失败: ['https://animation.byanimxyz.com/animation/index.html?matchId=51093545&configId=']
2024-12-16 22:22:06 [ERROR] 正则匹配 match 或 config 失败: ['https://animation.byanimxyz.com/animation/index.html?matchId=51093559&configId=']
2024-12-16 22:22:06 [ERROR] 正则匹配 match 或 config 失败: ['https://animation.byanimxyz.com/animation/index.html?matchId=52358751&configId=']
2024-12-16 22:22:06 [ERROR] 正则匹配 match 或 config 失败: ['https://animation.byanimxyz.com/animation/index.html?matchId=50715125&configId=']
2024-12-16 22:22:06 [ERROR] 正则匹配 match 或 config 失败: ['https://animation.byanimxyz.com/animation/index.html?matchId=50715131&configId=']
2024-12-16 22:22:06 [ERROR] 正则匹配 match 或 config 失败: ['https://animation.byanimxyz.com/animation/index.html?matchId=50715139&configId=']
2024-12-16 22:22:06 [ERROR] 正则匹配 match 或 config 失败: ['https://animation.byanimxyz.com/animation/index.html?matchId=50715119&configId=']
2024-12-16 22:22:06 [ERROR] 正则匹配 match 或 config 失败: ['https://animation.byanimxyz.com/animation/index.html?matchId=50715115&configId=']
2024-12-16 22:22:06 [ERROR] 正则匹配 match 或 config 失败: ['https://animation.byanimxyz.com/animation/index.html?matchId=50715117&configId=']
2024-12-16 22:22:06 [ERROR] 正则匹配 match 或 config 失败: ['https://animation.byanimxyz.com/animation/index.html?matchId=50715113&configId=']
2024-12-16 22:22:06 [ERROR] 正则匹配 match 或 config 失败: ['https://animation.byanimxyz.com/animation/index.html?matchId=50715123&configId=']
2024-12-16 22:22:06 [ERROR] 正则匹配 match 或 config 失败: ['https://animation.byanimxyz.com/animation/index.html?matchId=55183137&configId=']
2024-12-16 22:22:06 [ERROR] 正则匹配 match 或 config 失败: ['https://animation.byanimxyz.com/animation/index.html?matchId=55183145&configId=']
2024-12-16 22:22:06 [ERROR] 正则匹配 match 或 config 失败: ['https://animation.byanimxyz.com/animation/index.html?matchId=51472097&configId=']
2024-12-16 22:22:06 [ERROR] 正则匹配 match 或 config 失败: ['https://animation.byanimxyz.com/animation/index.html?matchId=51472091&configId=']
2024-12-16 22:22:06 [ERROR] 正则匹配 match 或 config 失败: ['https://animation.byanimxyz.com/animation/index.html?matchId=51472103&configId=']
2024-12-16 22:22:06 [ERROR] 正则匹配 match 或 config 失败: ['https://animation.byanimxyz.com/animation/index.html?matchId=51472105&configId=']
2024-12-16 22:22:06 [ERROR] 正则匹配 match 或 config 失败: ['https://animation.byanimxyz.com/animation/index.html?matchId=51472107&configId=']
2024-12-16 22:22:16 [ERROR] 正则匹配 match 或 config 失败: ['https://animation.byanimxyz.com/animation/index.html?matchId=53007877&configId=']
2024-12-16 22:22:16 [ERROR] 正则匹配 match 或 config 失败: ['https://animation.byanimxyz.com/animation/index.html?matchId=53007885&configId=']
2024-12-16 22:22:23 [ERROR] 正则匹配 match 或 config 失败: ['https://animation.byanimxyz.com/animation/index.html?matchId=51099219&configId=']
2024-12-16 22:22:23 [ERROR] 正则匹配 match 或 config 失败: ['https://animation.byanimxyz.com/animation/index.html?matchId=51099215&configId=']
2024-12-16 22:22:23 [ERROR] 正则匹配 match 或 config 失败: ['https://animation.byanimxyz.com/animation/index.html?matchId=51099217&configId=']
2024-12-16 22:22:23 [ERROR] 正则匹配 match 或 config 失败: ['https://animation.byanimxyz.com/animation/index.html?matchId=51099211&configId=']
2024-12-16 22:22:23 [ERROR] 正则匹配 match 或 config 失败: ['https://animation.byanimxyz.com/animation/index.html?matchId=51099221&configId=']
2024-12-16 22:22:23 [ERROR] 正则匹配 match 或 config 失败: ['https://animation.byanimxyz.com/animation/index.html?matchId=51099231&configId=']
2024-12-16 22:22:23 [ERROR] 正则匹配 match 或 config 失败: ['https://animation.byanimxyz.com/animation/index.html?matchId=51099229&configId=']
2024-12-16 22:22:23 [ERROR] 正则匹配 match 或 config 失败: ['https://animation.byanimxyz.com/animation/index.html?matchId=53457385&configId=']
2024-12-16 22:22:23 [ERROR] 正则匹配 match 或 config 失败: ['https://animation.byanimxyz.com/animation/index.html?matchId=51625871&configId=']
2024-12-16 22:22:23 [ERROR] 正则匹配 match 或 config 失败: ['https://animation.byanimxyz.com/animation/index.html?matchId=51625877&configId=']
2024-12-16 22:22:23 [ERROR] 正则匹配 match 或 config 失败: ['https://animation.byanimxyz.com/animation/index.html?matchId=51625875&configId=']
2024-12-16 22:22:23 [ERROR] 正则匹配 match 或 config 失败: ['https://animation.byanimxyz.com/animation/index.html?matchId=51625873&configId=']
2024-12-16 22:22:23 [ERROR] 正则匹配 match 或 config 失败: ['https://animation.byanimxyz.com/animation/index.html?matchId=51625865&configId=']
2024-12-16 22:22:23 [ERROR] 正则匹配 match 或 config 失败: ['https://animation.byanimxyz.com/animation/index.html?matchId=51625867&configId=']
2024-12-16 22:22:23 [ERROR] 正则匹配 match 或 config 失败: ['https://animation.byanimxyz.com/animation/index.html?matchId=51625869&configId=']
2024-12-16 22:22:23 [ERROR] 正则匹配 match 或 config 失败: ['https://animation.byanimxyz.com/animation/index.html?matchId=56298253&configId=']
2024-12-16 22:22:23 [ERROR] 正则匹配 match 或 config 失败: ['https://animation.byanimxyz.com/animation/index.html?matchId=54088671&configId=']
2024-12-16 22:22:23 [ERROR] 正则匹配 match 或 config 失败: ['https://animation.byanimxyz.com/animation/index.html?matchId=54088669&configId=']
2024-12-16 22:22:23 [ERROR] 正则匹配 match 或 config 失败: ['https://animation.byanimxyz.com/animation/index.html?matchId=54088641&configId=']
2024-12-16 22:22:23 [ERROR] 正则匹配 match 或 config 失败: ['https://animation.byanimxyz.com/animation/index.html?matchId=54088643&configId=']
2024-12-16 22:22:23 [ERROR] 正则匹配 match 或 config 失败: ['https://animation.byanimxyz.com/animation/index.html?matchId=54088915&configId=']
2024-12-16 22:22:23 [ERROR] 正则匹配 match 或 config 失败: ['https://animation.byanimxyz.com/animation/index.html?matchId=54088907&configId=']
2024-12-16 22:22:23 [ERROR] 正则匹配 match 或 config 失败: ['https://animation.byanimxyz.com/animation/index.html?matchId=54088873&configId=']
2024-12-16 22:22:23 [ERROR] 正则匹配 match 或 config 失败: ['https://animation.byanimxyz.com/animation/index.html?matchId=54088869&configId=']
2024-12-16 22:22:23 [ERROR] 正则匹配 match 或 config 失败: ['https://animation.byanimxyz.com/animation/index.html?matchId=51856841&configId=']
2024-12-16 22:22:23 [ERROR] 正则匹配 match 或 config 失败: ['https://animation.byanimxyz.com/animation/index.html?matchId=51856843&configId=']
2024-12-16 22:22:23 [ERROR] 正则匹配 match 或 config 失败: ['https://animation.byanimxyz.com/animation/index.html?matchId=51856837&configId=']
2024-12-16 22:22:23 [ERROR] 正则匹配 match 或 config 失败: ['https://animation.byanimxyz.com/animation/index.html?matchId=51856839&configId=']
2024-12-16 22:22:23 [ERROR] 正则匹配 match 或 config 失败: ['https://animation.byanimxyz.com/animation/index.html?matchId=51856829&configId=']
2024-12-16 22:22:23 [ERROR] 正则匹配 match 或 config 失败: ['https://animation.byanimxyz.com/animation/index.html?matchId=51856835&configId=']
2024-12-16 22:22:23 [ERROR] 正则匹配 match 或 config 失败: ['https://animation.byanimxyz.com/animation/index.html?matchId=51856847&configId=']
2024-12-16 22:22:23 [ERROR] 正则匹配 match 或 config 失败: ['https://animation.byanimxyz.com/animation/index.html?matchId=55155293&configId=']
2024-12-16 22:22:23 [ERROR] 正则匹配 match 或 config 失败: ['https://animation.byanimxyz.com/animation/index.html?matchId=54775539&configId=']
2024-12-16 22:22:23 [ERROR] 正则匹配 match 或 config 失败: ['https://animation.byanimxyz.com/animation/index.html?matchId=54775543&configId=']
2024-12-16 22:22:23 [ERROR] 正则匹配 match 或 config 失败: ['https://animation.byanimxyz.com/animation/index.html?matchId=54775541&configId=']
2024-12-16 22:22:23 [ERROR] 正则匹配 match 或 config 失败: ['https://animation.byanimxyz.com/animation/index.html?matchId=54775549&configId=']
2024-12-16 22:22:23 [ERROR] 正则匹配 match 或 config 失败: ['https://animation.byanimxyz.com/animation/index.html?matchId=50869359&configId=']
2024-12-16 22:22:26 [ERROR] 正则匹配 match 或 config 失败: ['https://animation.byanimxyz.com/animation/index.html?matchId=50869363&configId=']
2024-12-16 22:22:26 [ERROR] 正则匹配 match 或 config 失败: ['https://animation.byanimxyz.com/animation/index.html?matchId=50869371&configId=']
2024-12-16 22:22:28 [ERROR] 正则匹配 match 或 config 失败: ['https://animation.byanimxyz.com/animation/index.html?matchId=53562947&configId=']
2024-12-16 22:22:28 [ERROR] 正则匹配 match 或 config 失败: ['https://animation.byanimxyz.com/animation/index.html?matchId=55543415&configId=']
2024-12-16 22:22:28 [ERROR] 正则匹配 match 或 config 失败: ['https://animation.byanimxyz.com/animation/index.html?matchId=50603251&configId=']
2024-12-16 22:22:28 [ERROR] 正则匹配 match 或 config 失败: ['https://animation.byanimxyz.com/animation/index.html?matchId=50603247&configId=']
2024-12-16 22:22:28 [ERROR] 正则匹配 match 或 config 失败: ['https://animation.byanimxyz.com/animation/index.html?matchId=50603249&configId=']
2024-12-16 22:22:28 [ERROR] 正则匹配 match 或 config 失败: ['https://animation.byanimxyz.com/animation/index.html?matchId=50603245&configId=']
2024-12-16 22:22:28 [ERROR] 正则匹配 match 或 config 失败: ['https://animation.byanimxyz.com/animation/index.html?matchId=50603243&configId=']
2024-12-16 22:22:28 [ERROR] 正则匹配 match 或 config 失败: ['https://animation.byanimxyz.com/animation/index.html?matchId=51207927&configId=']
2024-12-16 22:22:28 [ERROR] 正则匹配 match 或 config 失败: ['https://animation.byanimxyz.com/animation/index.html?matchId=51207937&configId=']
2024-12-16 22:22:28 [ERROR] 正则匹配 match 或 config 失败: ['https://animation.byanimxyz.com/animation/index.html?matchId=51207935&configId=']
2024-12-16 22:22:28 [ERROR] 正则匹配 match 或 config 失败: ['https://animation.byanimxyz.com/animation/index.html?matchId=51207929&configId=']
2024-12-16 22:22:28 [ERROR] 正则匹配 match 或 config 失败: ['https://animation.byanimxyz.com/animation/index.html?matchId=51207931&configId=']
2024-12-16 22:22:28 [ERROR] 正则匹配 match 或 config 失败: ['https://animation.byanimxyz.com/animation/index.html?matchId=51207939&configId=']
2024-12-16 22:22:28 [ERROR] 正则匹配 match 或 config 失败: ['https://animation.byanimxyz.com/animation/index.html?matchId=51207933&configId=']
2024-12-16 22:22:28 [ERROR] 正则匹配 match 或 config 失败: ['https://animation.byanimxyz.com/animation/index.html?matchId=51207941&configId=']
2024-12-16 22:22:28 [ERROR] 正则匹配 match 或 config 失败: ['https://animation.byanimxyz.com/animation/index.html?matchId=51391445&configId=']
2024-12-16 22:22:28 [ERROR] 正则匹配 match 或 config 失败: ['https://animation.byanimxyz.com/animation/index.html?matchId=51391455&configId=']
2024-12-16 22:22:28 [ERROR] 正则匹配 match 或 config 失败: ['https://animation.byanimxyz.com/animation/index.html?matchId=51391443&configId=']
2024-12-16 22:22:28 [ERROR] 正则匹配 match 或 config 失败: ['https://animation.byanimxyz.com/animation/index.html?matchId=51391451&configId=']
2024-12-16 22:22:28 [ERROR] 正则匹配 match 或 config 失败: ['https://animation.byanimxyz.com/animation/index.html?matchId=51391453&configId=']
2024-12-16 22:22:28 [ERROR] 正则匹配 match 或 config 失败: ['https://animation.byanimxyz.com/animation/index.html?matchId=51391447&configId=']
2024-12-16 22:22:28 [ERROR] 正则匹配 match 或 config 失败: ['https://animation.byanimxyz.com/animation/index.html?matchId=56189523&configId=']
2024-12-16 22:22:28 [ERROR] 正则匹配 match 或 config 失败: ['https://animation.byanimxyz.com/animation/index.html?matchId=56189519&configId=']
2024-12-16 22:22:28 [ERROR] 正则匹配 match 或 config 失败: ['https://animation.byanimxyz.com/animation/index.html?matchId=56189521&configId=']
2024-12-16 22:22:30 [ERROR] 正则匹配 match 或 config 失败: ['https://animation.byanimxyz.com/animation/index.html?matchId=51116371&configId=']
2024-12-16 22:22:42 [ERROR] 正则匹配 match 或 config 失败: ['https://animation.byanimxyz.com/animation/index.html?matchId=51251809&configId=']
2024-12-16 22:22:42 [ERROR] 正则匹配 match 或 config 失败: ['https://animation.byanimxyz.com/animation/index.html?matchId=51251799&configId=']
2024-12-16 22:22:42 [ERROR] 正则匹配 match 或 config 失败: ['https://animation.byanimxyz.com/animation/index.html?matchId=51251805&configId=']
2024-12-16 22:22:42 [ERROR] 正则匹配 match 或 config 失败: ['https://animation.byanimxyz.com/animation/index.html?matchId=51251807&configId=']
2024-12-16 22:22:42 [ERROR] 正则匹配 match 或 config 失败: ['https://animation.byanimxyz.com/animation/index.html?matchId=51251803&configId=']
2024-12-16 22:22:42 [ERROR] 正则匹配 match 或 config 失败: ['https://animation.byanimxyz.com/animation/index.html?matchId=51251801&configId=']
2024-12-16 22:22:42 [ERROR] 正则匹配 match 或 config 失败: ['https://animation.byanimxyz.com/animation/index.html?matchId=51251811&configId=']
2024-12-16 22:22:42 [ERROR] 正则匹配 match 或 config 失败: ['https://animation.byanimxyz.com/animation/index.html?matchId=51447005&configId=']
2024-12-16 22:22:42 [ERROR] 正则匹配 match 或 config 失败: ['https://animation.byanimxyz.com/animation/index.html?matchId=51447013&configId=']
2024-12-16 22:22:42 [ERROR] 正则匹配 match 或 config 失败: ['https://animation.byanimxyz.com/animation/index.html?matchId=51447017&configId=']
2024-12-16 22:22:42 [ERROR] 正则匹配 match 或 config 失败: ['https://animation.byanimxyz.com/animation/index.html?matchId=51447019&configId=']
2024-12-16 22:22:42 [ERROR] 正则匹配 match 或 config 失败: ['https://animation.byanimxyz.com/animation/index.html?matchId=51447021&configId=']
2024-12-16 22:22:42 [ERROR] 正则匹配 match 或 config 失败: ['https://animation.byanimxyz.com/animation/index.html?matchId=51447015&configId=']
2024-12-16 22:22:42 [ERROR] 正则匹配 match 或 config 失败: ['https://animation.byanimxyz.com/animation/index.html?matchId=55902165&configId=']
2024-12-16 22:22:42 [ERROR] 正则匹配 match 或 config 失败: ['https://animation.byanimxyz.com/animation/index.html?matchId=55549359&configId=']
2024-12-16 22:22:42 [ERROR] 正则匹配 match 或 config 失败: ['https://animation.byanimxyz.com/animation/index.html?matchId=51445819&configId=']
2024-12-16 22:22:42 [ERROR] 正则匹配 match 或 config 失败: ['https://animation.byanimxyz.com/animation/index.html?matchId=51445815&configId=']
2024-12-16 22:22:42 [ERROR] 正则匹配 match 或 config 失败: ['https://animation.byanimxyz.com/animation/index.html?matchId=51445813&configId=']
2024-12-16 22:22:42 [ERROR] 正则匹配 match 或 config 失败: ['https://animation.byanimxyz.com/animation/index.html?matchId=51445809&configId=']
2024-12-16 22:22:42 [ERROR] 正则匹配 match 或 config 失败: ['https://animation.byanimxyz.com/animation/index.html?matchId=51445811&configId=']
2024-12-16 22:22:42 [ERROR] 正则匹配 match 或 config 失败: ['https://animation.byanimxyz.com/animation/index.html?matchId=51445803&configId=']
2024-12-16 22:22:42 [ERROR] 正则匹配 match 或 config 失败: ['https://animation.byanimxyz.com/animation/index.html?matchId=51445799&configId=']
2024-12-16 22:22:42 [ERROR] 正则匹配 match 或 config 失败: ['https://animation.byanimxyz.com/animation/index.html?matchId=51445807&configId=']
2024-12-16 22:22:42 [ERROR] 正则匹配 match 或 config 失败: ['https://animation.byanimxyz.com/animation/index.html?matchId=50716101&configId=']
2024-12-16 22:22:42 [ERROR] 正则匹配 match 或 config 失败: ['https://animation.byanimxyz.com/animation/index.html?matchId=50716115&configId=']
2024-12-16 22:22:42 [ERROR] 正则匹配 match 或 config 失败: ['https://animation.byanimxyz.com/animation/index.html?matchId=50716107&configId=']
2024-12-16 22:22:42 [ERROR] 正则匹配 match 或 config 失败: ['https://animation.byanimxyz.com/animation/index.html?matchId=50716109&configId=']
2024-12-16 22:22:42 [ERROR] 正则匹配 match 或 config 失败: ['https://animation.byanimxyz.com/animation/index.html?matchId=50716111&configId=']
2024-12-16 22:22:42 [ERROR] 正则匹配 match 或 config 失败: ['https://animation.byanimxyz.com/animation/index.html?matchId=50716113&configId=']
2024-12-16 22:22:42 [ERROR] 正则匹配 match 或 config 失败: ['https://animation.byanimxyz.com/animation/index.html?matchId=55597207&configId=']
2024-12-16 22:22:42 [ERROR] 正则匹配 match 或 config 失败: ['https://animation.byanimxyz.com/animation/index.html?matchId=56350323&configId=']
2024-12-16 22:22:42 [ERROR] 正则匹配 match 或 config 失败: ['https://animation.byanimxyz.com/animation/index.html?matchId=56353359&configId=']
2024-12-16 22:22:42 [ERROR] 正则匹配 match 或 config 失败: ['https://animation.byanimxyz.com/animation/index.html?matchId=51080163&configId=']
2024-12-16 22:22:42 [ERROR] 正则匹配 match 或 config 失败: ['https://animation.byanimxyz.com/animation/index.html?matchId=51080157&configId=']
2024-12-16 22:22:42 [ERROR] 正则匹配 match 或 config 失败: ['https://animation.byanimxyz.com/animation/index.html?matchId=51080165&configId=']
2024-12-16 22:22:42 [ERROR] 正则匹配 match 或 config 失败: ['https://animation.byanimxyz.com/animation/index.html?matchId=51080167&configId=']
2024-12-16 22:22:42 [ERROR] 正则匹配 match 或 config 失败: ['https://animation.byanimxyz.com/animation/index.html?matchId=55703251&configId=']
2024-12-16 22:22:46 [ERROR] 正则匹配 match 或 config 失败: ['https://animation.byanimxyz.com/animation/index.html?matchId=55623745&configId=']
2024-12-16 22:22:53 [ERROR] 正则匹配 match 或 config 失败: ['https://animation.byanimxyz.com/animation/index.html?matchId=55544971&configId=']
2024-12-16 22:22:53 [ERROR] 正则匹配 match 或 config 失败: ['https://animation.byanimxyz.com/animation/index.html?matchId=55544969&configId=']
2024-12-16 22:23:09 [ERROR] 正则匹配 match 或 config 失败: ['https://animation.byanimxyz.com/animation/index.html?matchId=56428807&configId=']
2024-12-16 22:23:09 [INFO] Get 41 matches with statscore_id
