2024-12-16 23:40:37.165 INFO [__main__] 程序开始运行
2024-12-16 23:40:37.165 ERROR [__main__] 这是一条测试错误信息
2024-12-16 23:40:37.979 ERROR [__main__] 更新LiveMatchList数据失败, 状态码: 404
2024-12-16 23:40:38.716 ERROR [__main__] 更新LiveMatchList数据失败, 状态码: 404
2024-12-16 23:40:39.539 ERROR [__main__] 更新LiveMatchList数据失败, 状态码: 404
2024-12-16 23:40:40.274 ERROR [__main__] 更新LiveMatchList数据失败, 状态码: 404
2024-12-16 23:40:41.017 ERROR [__main__] 更新LiveMatchList数据失败, 状态码: 404
2024-12-16 23:40:41.837 ERROR [__main__] 更新LiveMatchList数据失败, 状态码: 404
2024-12-16 23:40:42.574 ERROR [__main__] 更新LiveMatchList数据失败, 状态码: 404
2024-12-16 23:40:43.313 ERROR [__main__] 更新LiveMatchList数据失败, 状态码: 404
2024-12-16 23:42:18.252 INFO [__main__] 程序开始运行
2024-12-16 23:42:18.252 ERROR [__main__] 这是一条测试错误信息
2024-12-16 23:42:19.032 ERROR [__main__] 更新LiveMatchList数据失败, 状态码: 404
2024-12-16 23:42:19.767 ERROR [__main__] 更新LiveMatchList数据失败, 状态码: 404
2024-12-16 23:42:20.527 ERROR [__main__] 更新LiveMatchList数据失败, 状态码: 404
2024-12-16 23:42:21.257 ERROR [__main__] 更新LiveMatchList数据失败, 状态码: 404
2024-12-16 23:42:22.094 ERROR [__main__] 更新LiveMatchList数据失败, 状态码: 404
2024-12-16 23:42:22.824 ERROR [__main__] 更新LiveMatchList数据失败, 状态码: 404
2024-12-16 23:42:23.555 ERROR [__main__] 更新LiveMatchList数据失败, 状态码: 404
2024-12-16 23:42:24.282 ERROR [__main__] 更新LiveMatchList数据失败, 状态码: 404
2024-12-16 23:42:25.014 ERROR [__main__] 更新LiveMatchList数据失败, 状态码: 404
2024-12-16 23:42:25.762 ERROR [__main__] 更新LiveMatchList数据失败, 状态码: 404
2024-12-16 23:42:25.763 ERROR [__main__] 更新Live数据失败，重试了 10 次，仍未成功
2024-12-16 23:42:45.233 INFO [__main__] 程序开始运行
2024-12-16 23:42:45.233 ERROR [__main__] 这是一条测试错误信息
2024-12-16 23:45:32.245 INFO [__main__] 程序开始运行
2024-12-16 23:45:32.245 ERROR [__main__] 这是一条测试错误信息
2024-12-16 23:45:43.340 INFO [__main__] 程序开始运行
2024-12-16 23:45:43.340 ERROR [__main__] 这是一条测试错误信息
2024-12-16 23:46:30.151 INFO [__main__] 程序开始运行
2024-12-16 23:46:30.151 ERROR [__main__] 这是一条测试错误信息
2024-12-16 23:47:02.655 INFO [__main__] 程序开始运行
2024-12-16 23:47:02.655 ERROR [__main__] 这是一条测试错误信息
2024-12-17 01:46:40.063 INFO [__main__] 程序开始运行
2024-12-17 01:46:40.063 ERROR [__main__] 这是一条测试错误信息
2024-12-17 01:48:03.266 INFO [__main__] 程序开始运行
2024-12-17 01:48:03.266 ERROR [__main__] 这是一条测试错误信息
2024-12-17 01:49:21.967 INFO [__main__] 程序开始运行
2024-12-17 01:49:21.967 ERROR [__main__] 这是一条测试错误信息
2024-12-17 01:50:47.619 INFO [__main__] 程序开始运行
2024-12-17 01:50:47.619 ERROR [__main__] 这是一条测试错误信息
2024-12-17 01:53:31.724 INFO [__main__] 程序开始运行
2024-12-17 01:53:31.724 ERROR [__main__] 这是一条测试错误信息
2024-12-17 01:54:02.299 INFO [__main__] 程序开始运行
2024-12-17 01:54:02.299 ERROR [__main__] 这是一条测试错误信息
2024-12-17 01:55:31.854 INFO [__main__] 程序开始运行
2024-12-17 01:55:31.854 ERROR [__main__] 这是一条测试错误信息
2024-12-17 02:01:26.465 INFO [__main__] 程序开始运行
2024-12-17 02:01:26.465 ERROR [__main__] 这是一条测试错误信息
2024-12-17 02:03:17.657 INFO [__main__] 程序开始运行
2024-12-17 02:03:17.657 ERROR [__main__] 这是一条测试错误信息
2024-12-17 02:05:54.313 INFO [__main__] 程序开始运行
2024-12-17 02:05:54.314 ERROR [__main__] 这是一条测试错误信息
2024-12-17 02:06:24.039 INFO [__main__] 程序开始运行
2024-12-17 02:06:24.039 ERROR [__main__] 这是一条测试错误信息
2024-12-17 02:06:59.422 INFO [__main__] 程序开始运行
2024-12-17 02:06:59.422 ERROR [__main__] 这是一条测试错误信息
2024-12-17 02:07:32.266 INFO [__main__] 程序开始运行
2024-12-17 02:07:32.267 ERROR [__main__] 这是一条测试错误信息
2024-12-17 02:07:32.998 ERROR [__main__] 更新LiveMatchList数据失败, 状态码: 404
2024-12-17 02:07:33.831 ERROR [__main__] 更新LiveMatchList数据失败, 状态码: 404
2024-12-17 02:07:34.662 ERROR [__main__] 更新LiveMatchList数据失败, 状态码: 404
2024-12-17 02:07:35.348 ERROR [__main__] 更新LiveMatchList数据失败, 状态码: 404
2024-12-17 02:07:36.107 ERROR [__main__] 更新LiveMatchList数据失败, 状态码: 404
2024-12-17 02:07:36.929 ERROR [__main__] 更新LiveMatchList数据失败, 状态码: 404
2024-12-17 02:07:37.621 ERROR [__main__] 更新LiveMatchList数据失败, 状态码: 404
2024-12-17 02:07:38.306 ERROR [__main__] 更新LiveMatchList数据失败, 状态码: 404
2024-12-17 02:07:38.979 ERROR [__main__] 更新LiveMatchList数据失败, 状态码: 404
2024-12-17 02:07:39.675 ERROR [__main__] 更新LiveMatchList数据失败, 状态码: 404
2024-12-17 02:07:39.675 ERROR [__main__] 更新Live数据失败，重试了 10 次，仍未成功
2024-12-17 02:07:52.820 INFO [__main__] 程序开始运行
2024-12-17 02:07:52.820 ERROR [__main__] 这是一条测试错误信息
2024-12-17 02:07:59.203 INFO [__main__] 程序开始运行
2024-12-17 02:07:59.203 ERROR [__main__] 这是一条测试错误信息
2024-12-17 02:11:03.933 INFO [__main__] 程序开始运行
2024-12-17 02:11:03.934 ERROR [__main__] 这是一条测试错误信息
2024-12-17 02:25:03.698 INFO [__main__] 程序开始运行
2024-12-17 02:25:03.699 ERROR [__main__] 这是一条测试错误信息
2024-12-17 02:25:13.708 ERROR [__main__] 请求LiveMatchList超时，第 1/10 次重试
2024-12-17 02:25:23.720 ERROR [__main__] 请求LiveMatchList超时，第 2/10 次重试
2024-12-17 02:25:33.733 ERROR [__main__] 请求LiveMatchList超时，第 3/10 次重试
2024-12-17 02:25:43.738 ERROR [__main__] 请求LiveMatchList超时，第 4/10 次重试
2024-12-17 02:25:53.743 ERROR [__main__] 请求LiveMatchList超时，第 5/10 次重试
2024-12-17 02:25:57.053 INFO [__main__] 程序开始运行
2024-12-17 02:25:57.053 ERROR [__main__] 这是一条测试错误信息
2024-12-17 02:26:03.752 ERROR [__main__] 请求LiveMatchList超时，第 6/10 次重试
2024-12-17 02:26:13.760 ERROR [__main__] 请求LiveMatchList超时，第 7/10 次重试
